[debug] [2024-03-27T06:25:27.163Z] ----------------------------------------------------------------------
[debug] [2024-03-27T06:25:27.166Z] Command:       /usr/local/lib/nodejs/node-v20.11.1-linux-x64/bin/node /usr/local/lib/nodejs/node-v20.11.1-linux-x64/bin/firebase login
[debug] [2024-03-27T06:25:27.166Z] CLI Version:   13.6.0
[debug] [2024-03-27T06:25:27.167Z] Platform:      linux
[debug] [2024-03-27T06:25:27.167Z] Node Version:  v20.11.1
[debug] [2024-03-27T06:25:27.167Z] Time:          Wed Mar 27 2024 07:25:27 GMT+0100 (West Africa Standard Time)
[debug] [2024-03-27T06:25:27.167Z] ----------------------------------------------------------------------
[debug] 
[debug] [2024-03-27T06:25:27.170Z] >>> [apiv2][query] GET https://firebase-public.firebaseio.com/cli.json [none]
[info] i  Firebase optionally collects CLI and Emulator Suite usage and error reporting information to help improve our products. Data is collected in accordance with Google's privacy policy (https://policies.google.com/privacy) and is not used to identify you.
 
[debug] [2024-03-27T06:25:28.055Z] <<< [apiv2][status] GET https://firebase-public.firebaseio.com/cli.json 200
[debug] [2024-03-27T06:25:28.057Z] <<< [apiv2][body] GET https://firebase-public.firebaseio.com/cli.json {"cloudBuildErrorAfter":1594252800000,"cloudBuildWarnAfter":1590019200000,"defaultNode10After":1594252800000,"minVersion":"3.0.5","node8DeploysDisabledAfter":1613390400000,"node8RuntimeDisabledAfter":1615809600000,"node8WarnAfter":1600128000000}
[info] i  To change your data collection preference at any time, run `firebase logout` and log in again. 
[info] 
[info] Visit this URL on this device to log in:
[info] https://accounts.google.com/o/oauth2/auth?client_id=563584335869-fgrhgmd47bqnekij5i8b5pr03ho849e6.apps.googleusercontent.com&scope=email%20openid%20https%3A%2F%2Fwww.googleapis.com%2Fauth%2Fcloudplatformprojects.readonly%20https%3A%2F%2Fwww.googleapis.com%2Fauth%2Ffirebase%20https%3A%2F%2Fwww.googleapis.com%2Fauth%2Fcloud-platform&response_type=code&state=453847097&redirect_uri=http%3A%2F%2Flocalhost%3A9005
[info] 
[info] Waiting for authentication...
[debug] [2024-03-27T06:28:11.121Z] ----------------------------------------------------------------------
[debug] [2024-03-27T06:28:11.124Z] Command:       /usr/local/lib/nodejs/node-v20.11.1-linux-x64/bin/node /usr/local/lib/nodejs/node-v20.11.1-linux-x64/bin/firebase login
[debug] [2024-03-27T06:28:11.124Z] CLI Version:   13.6.0
[debug] [2024-03-27T06:28:11.125Z] Platform:      linux
[debug] [2024-03-27T06:28:11.125Z] Node Version:  v20.11.1
[debug] [2024-03-27T06:28:11.125Z] Time:          Wed Mar 27 2024 07:28:11 GMT+0100 (West Africa Standard Time)
[debug] [2024-03-27T06:28:11.125Z] ----------------------------------------------------------------------
[debug] 
[info] i  Firebase optionally collects CLI and Emulator Suite usage and error reporting information to help improve our products. Data is collected in accordance with Google's privacy policy (https://policies.google.com/privacy) and is not used to identify you.
 
[info] i  To change your data collection preference at any time, run `firebase logout` and log in again. 
[info] 
[info] Visit this URL on this device to log in:
[info] https://accounts.google.com/o/oauth2/auth?client_id=563584335869-fgrhgmd47bqnekij5i8b5pr03ho849e6.apps.googleusercontent.com&scope=email%20openid%20https%3A%2F%2Fwww.googleapis.com%2Fauth%2Fcloudplatformprojects.readonly%20https%3A%2F%2Fwww.googleapis.com%2Fauth%2Ffirebase%20https%3A%2F%2Fwww.googleapis.com%2Fauth%2Fcloud-platform&response_type=code&state=814400867&redirect_uri=http%3A%2F%2Flocalhost%3A9005
[info] 
[info] Waiting for authentication...
